<?xml version="1.0" encoding="UTF-8"?>
<testsuite name="TriangleClassifiereTest" tests="1" skipped="0" failures="0" errors="0" timestamp="2025-07-16T10:14:11" hostname="DUNG" time="0.014">
  <properties/>
  <testcase name="phanBietTamGiac()" classname="TriangleClassifiereTest" time="0.014"/>
  <system-out><![CDATA[day la tam giac deu
]]></system-out>
  <system-err><![CDATA[]]></system-err>
</testsuite>
